2026.05.16 17:53:44 INFO  Started: Metals version 1.6.7 in folders 'C:\Users\Aziz\AndroidStudioProjects\LaporTemu' for client Antigravity 1.107.0.
2026.05.16 17:53:44 INFO  Memory monitor started
2026.05.16 17:53:45 WARN  Using H2 2.4.240 which is newer than the version Flyway has been verified with. The latest verified version of H2 is 2.3.232.
2026.05.16 17:56:14 INFO  no build target found for C:\Users\Aziz\AndroidStudioProjects\LaporTemu\app\src\main\java\id\aziz\laportemu\DataStore.java. Using fallback presentation compiler.
2026.05.16 17:57:04 INFO  no build target found for C:\Users\Aziz\AndroidStudioProjects\LaporTemu\app\src\main\java\id\aziz\laportemu\Barang.java. Using fallback presentation compiler.
2026.05.16 17:58:03 INFO  no build target found for C:\Users\Aziz\AndroidStudioProjects\LaporTemu\app\src\main\java\id\aziz\laportemu\BarangAdapter.java. Using fallback presentation compiler.
2026.05.16 18:02:22 INFO  no build target found for C:\Users\Aziz\AndroidStudioProjects\LaporTemu\app\src\main\java\id\aziz\laportemu\HomeFragment.java. Using fallback presentation compiler.
2026.05.16 18:02:23 INFO  no build target found for C:\Users\Aziz\AndroidStudioProjects\LaporTemu\app\src\main\java\id\aziz\laportemu\DataStore.java. Using fallback presentation compiler.
2026.05.16 18:02:23 INFO  no build target found for C:\Users\Aziz\AndroidStudioProjects\LaporTemu\app\src\main\java\id\aziz\laportemu\Barang.java. Using fallback presentation compiler.
2026.05.16 18:02:23 INFO  no build target found for C:\Users\Aziz\AndroidStudioProjects\LaporTemu\app\src\main\java\id\aziz\laportemu\BarangAdapter.java. Using fallback presentation compiler.
2026.05.16 18:03:21 INFO  no build target found for C:\Users\Aziz\AndroidStudioProjects\LaporTemu\app\src\main\java\id\aziz\laportemu\ReportFragment.java. Using fallback presentation compiler.
2026.05.16 18:22:20 INFO  no build target found for C:\Users\Aziz\AndroidStudioProjects\LaporTemu\app\src\main\java\id\aziz\laportemu\Barang.java. Using fallback presentation compiler.
2026.05.16 18:22:31 INFO  no build target found for C:\Users\Aziz\AndroidStudioProjects\LaporTemu\app\src\main\java\id\aziz\laportemu\DataStore.java. Using fallback presentation compiler.
2026.05.16 18:23:05 INFO  no build target found for C:\Users\Aziz\AndroidStudioProjects\LaporTemu\app\src\main\java\id\aziz\laportemu\ReportFragment.java. Using fallback presentation compiler.
2026.05.16 18:23:26 INFO  no build target found for C:\Users\Aziz\AndroidStudioProjects\LaporTemu\app\src\main\java\id\aziz\laportemu\BarangAdapter.java. Using fallback presentation compiler.
2026.05.16 18:26:01 INFO  no build target found for C:\Users\Aziz\AndroidStudioProjects\LaporTemu\app\src\main\java\id\aziz\laportemu\DetailActivity.java. Using fallback presentation compiler.
2026.05.17 07:02:39 INFO  Started: Metals version 1.6.7 in folders 'C:\Users\Aziz\AndroidStudioProjects\LaporTemu' for client Antigravity 1.107.0.
2026.05.17 07:02:39 INFO  Memory monitor started
2026.05.17 07:02:44 WARN  Using H2 2.4.240 which is newer than the version Flyway has been verified with. The latest verified version of H2 is 2.3.232.
2026.05.17 07:05:08 INFO  no build target found for C:\Users\Aziz\AndroidStudioProjects\LaporTemu\app\src\main\java\id\aziz\laportemu\DetailActivity.java. Using fallback presentation compiler.
2026.05.17 07:05:08 INFO  no build target found for C:\Users\Aziz\AndroidStudioProjects\LaporTemu\app\src\main\java\id\aziz\laportemu\ReportFragment.java. Using fallback presentation compiler.
2026.05.17 07:05:08 INFO  no build target found for C:\Users\Aziz\AndroidStudioProjects\LaporTemu\app\src\main\java\id\aziz\laportemu\HomeFragment.java. Using fallback presentation compiler.
2026.05.17 07:05:08 INFO  no build target found for C:\Users\Aziz\AndroidStudioProjects\LaporTemu\app\src\main\java\id\aziz\laportemu\BarangAdapter.java. Using fallback presentation compiler.
2026.05.17 07:05:08 INFO  no build target found for C:\Users\Aziz\AndroidStudioProjects\LaporTemu\app\src\main\java\id\aziz\laportemu\Barang.java. Using fallback presentation compiler.
2026.05.17 07:05:08 INFO  no build target found for C:\Users\Aziz\AndroidStudioProjects\LaporTemu\app\src\main\java\id\aziz\laportemu\DataStore.java. Using fallback presentation compiler.
2026.05.17 08:38:29 INFO  no build target found for C:\Users\Aziz\AndroidStudioProjects\LaporTemu\app\src\main\java\id\aziz\laportemu\SplashActivity.java. Using fallback presentation compiler.
2026.05.17 09:50:02 INFO  Shutting down server
2026.05.17 09:50:02 INFO  Memory monitor stopped
2026.05.17 09:50:02 INFO  shutting down Metals
2026.05.17 09:50:02 INFO  Exiting server
2026.05.17 19:13:30 INFO  Started: Metals version 1.6.7 in folders 'C:\Users\Aziz\AndroidStudioProjects\LaporTemu' for client Antigravity 1.107.0.
2026.05.17 19:13:30 INFO  Memory monitor started
2026.05.17 19:13:31 WARN  Using H2 2.4.240 which is newer than the version Flyway has been verified with. The latest verified version of H2 is 2.3.232.
2026.05.17 19:16:01 INFO  no build target found for C:\Users\Aziz\AndroidStudioProjects\LaporTemu\app\src\main\java\id\aziz\laportemu\SplashActivity.java. Using fallback presentation compiler.
2026.05.17 19:16:01 INFO  no build target found for C:\Users\Aziz\AndroidStudioProjects\LaporTemu\app\src\main\java\id\aziz\laportemu\DetailActivity.java. Using fallback presentation compiler.
2026.05.17 19:16:01 INFO  no build target found for C:\Users\Aziz\AndroidStudioProjects\LaporTemu\app\src\main\java\id\aziz\laportemu\ReportFragment.java. Using fallback presentation compiler.
2026.05.17 19:16:01 INFO  no build target found for C:\Users\Aziz\AndroidStudioProjects\LaporTemu\app\src\main\java\id\aziz\laportemu\HomeFragment.java. Using fallback presentation compiler.
2026.05.17 19:16:01 INFO  no build target found for C:\Users\Aziz\AndroidStudioProjects\LaporTemu\app\src\main\java\id\aziz\laportemu\BarangAdapter.java. Using fallback presentation compiler.
2026.05.17 19:16:01 INFO  no build target found for C:\Users\Aziz\AndroidStudioProjects\LaporTemu\app\src\main\java\id\aziz\laportemu\Barang.java. Using fallback presentation compiler.
2026.05.17 19:16:01 INFO  no build target found for C:\Users\Aziz\AndroidStudioProjects\LaporTemu\app\src\main\java\id\aziz\laportemu\DataStore.java. Using fallback presentation compiler.
2026.05.17 22:23:40 WARN  no build target for: C:\Users\Aziz\AndroidStudioProjects\LaporTemu\app\src\main\java\id\aziz\laportemu\ProfileFragment.java
2026.05.17 22:23:40 INFO  no build target found for C:\Users\Aziz\AndroidStudioProjects\LaporTemu\app\src\main\java\id\aziz\laportemu\ProfileFragment.java. Using fallback presentation compiler.
2026.05.17 22:23:41 INFO  no build target found for C:\Users\Aziz\AndroidStudioProjects\LaporTemu\app\src\main\java\id\aziz\laportemu\ProfileFragment.java. Using fallback presentation compiler.
2026.05.17 22:23:40 INFO  no build target found for C:\Users\Aziz\AndroidStudioProjects\LaporTemu\app\src\main\java\id\aziz\laportemu\ProfileFragment.java. Using fallback presentation compiler.
2026.05.17 22:23:40 INFO  no build target found for C:\Users\Aziz\AndroidStudioProjects\LaporTemu\app\src\main\java\id\aziz\laportemu\ProfileFragment.java. Using fallback presentation compiler.
2026.05.17 22:23:40 INFO  no build target found for C:\Users\Aziz\AndroidStudioProjects\LaporTemu\app\src\main\java\id\aziz\laportemu\ProfileFragment.java. Using fallback presentation compiler.
2026.05.17 22:23:40 INFO  no build target found for C:\Users\Aziz\AndroidStudioProjects\LaporTemu\app\src\main\java\id\aziz\laportemu\ProfileFragment.java. Using fallback presentation compiler.
2026.05.17 22:23:42 INFO  no build target found for C:\Users\Aziz\AndroidStudioProjects\LaporTemu\app\src\main\java\id\aziz\laportemu\ProfileFragment.java. Using fallback presentation compiler.
2026.05.17 22:23:42 INFO  no build target found for C:\Users\Aziz\AndroidStudioProjects\LaporTemu\app\src\main\java\id\aziz\laportemu\ProfileFragment.java. Using fallback presentation compiler.
2026.05.17 22:23:42 INFO  no build target found for C:\Users\Aziz\AndroidStudioProjects\LaporTemu\app\src\main\java\id\aziz\laportemu\ProfileFragment.java. Using fallback presentation compiler.
2026.05.17 22:23:54 INFO  no build target found for C:\Users\Aziz\AndroidStudioProjects\LaporTemu\app\src\main\java\id\aziz\laportemu\ProfileFragment.java. Using fallback presentation compiler.
2026.05.17 22:26:38 INFO  no build target found for C:\Users\Aziz\AndroidStudioProjects\LaporTemu\app\src\main\java\id\aziz\laportemu\MainActivity.java. Using fallback presentation compiler.
2026.05.17 22:37:29 INFO  Shutting down server
2026.05.17 22:37:29 INFO  Memory monitor stopped
2026.05.17 22:37:29 INFO  shutting down Metals
2026.05.17 22:37:29 INFO  Exiting server
2026.05.18 09:01:48 INFO  Started: Metals version 1.6.7 in folders 'C:\Users\Aziz\AndroidStudioProjects\LaporTemu' for client Antigravity 1.107.0.
2026.05.18 09:01:48 INFO  Memory monitor started
2026.05.18 09:01:50 WARN  Using H2 2.4.240 which is newer than the version Flyway has been verified with. The latest verified version of H2 is 2.3.232.
2026.05.18 09:01:50 INFO  no build target found for C:\Users\Aziz\AndroidStudioProjects\LaporTemu\app\src\main\java\id\aziz\laportemu\ProfileFragment.java. Using fallback presentation compiler.
2026.05.18 09:01:52 INFO  no build target found for C:\Users\Aziz\AndroidStudioProjects\LaporTemu\app\src\main\java\id\aziz\laportemu\ProfileFragment.java. Using fallback presentation compiler.
2026.05.18 09:01:55 INFO  restarted 1 presentation compiler
2026.05.18 09:02:01 INFO  no build target found for C:\Users\Aziz\AndroidStudioProjects\LaporTemu\app\src\main\java\id\aziz\laportemu\ProfileFragment.java. Using fallback presentation compiler.
2026.05.18 09:02:01 INFO  no build target found for C:\Users\Aziz\AndroidStudioProjects\LaporTemu\app\src\main\java\id\aziz\laportemu\ProfileFragment.java. Using fallback presentation compiler.
2026.05.18 09:02:01 INFO  no build target found for C:\Users\Aziz\AndroidStudioProjects\LaporTemu\app\src\main\java\id\aziz\laportemu\ProfileFragment.java. Using fallback presentation compiler.
2026.05.18 09:02:01 INFO  no build target found for C:\Users\Aziz\AndroidStudioProjects\LaporTemu\app\src\main\java\id\aziz\laportemu\ProfileFragment.java. Using fallback presentation compiler.
2026.05.18 09:02:03 INFO  no build target found for C:\Users\Aziz\AndroidStudioProjects\LaporTemu\app\src\main\java\id\aziz\laportemu\ProfileFragment.java. Using fallback presentation compiler.
2026.05.18 09:02:13 INFO  no build target found for C:\Users\Aziz\AndroidStudioProjects\LaporTemu\app\src\main\java\id\aziz\laportemu\ProfileFragment.java. Using fallback presentation compiler.
2026.05.18 09:02:15 INFO  no build target found for C:\Users\Aziz\AndroidStudioProjects\LaporTemu\app\src\main\java\id\aziz\laportemu\ProfileFragment.java. Using fallback presentation compiler.
2026.05.18 09:02:20 INFO  no build target found for C:\Users\Aziz\AndroidStudioProjects\LaporTemu\app\src\main\java\id\aziz\laportemu\ProfileFragment.java. Using fallback presentation compiler.
2026.05.18 09:02:20 INFO  no build target found for C:\Users\Aziz\AndroidStudioProjects\LaporTemu\app\src\main\java\id\aziz\laportemu\ProfileFragment.java. Using fallback presentation compiler.
2026.05.18 09:14:17 INFO  no build target found for C:\Users\Aziz\AndroidStudioProjects\LaporTemu\app\src\main\java\id\aziz\laportemu\ProfileFragment.java. Using fallback presentation compiler.
2026.05.18 09:20:00 INFO  no build target found for C:\Users\Aziz\AndroidStudioProjects\LaporTemu\app\src\main\java\id\aziz\laportemu\ProfileFragment.java. Using fallback presentation compiler.
2026.05.18 09:20:00 WARN  no build target for: C:\Users\Aziz\AndroidStudioProjects\LaporTemu\app\src\main\java\id\aziz\laportemu\ProfileFragment.java
2026.05.18 09:20:00 INFO  no build target found for C:\Users\Aziz\AndroidStudioProjects\LaporTemu\app\src\main\java\id\aziz\laportemu\ProfileFragment.java. Using fallback presentation compiler.
2026.05.18 09:20:00 INFO  no build target found for C:\Users\Aziz\AndroidStudioProjects\LaporTemu\app\src\main\java\id\aziz\laportemu\ProfileFragment.java. Using fallback presentation compiler.
2026.05.18 09:20:01 INFO  no build target found for C:\Users\Aziz\AndroidStudioProjects\LaporTemu\app\src\main\java\id\aziz\laportemu\ProfileFragment.java. Using fallback presentation compiler.
2026.05.18 09:22:49 INFO  no build target found for C:\Users\Aziz\AndroidStudioProjects\LaporTemu\app\src\main\java\id\aziz\laportemu\ProfileFragment.java. Using fallback presentation compiler.
2026.05.18 09:41:11 INFO  Shutting down server
2026.05.18 09:41:11 INFO  Memory monitor stopped
2026.05.18 09:41:11 INFO  shutting down Metals
2026.05.18 09:41:11 INFO  Exiting server
2026.05.18 20:14:05 INFO  tracing is disabled for protocol LSP, to enable tracing of incoming and outgoing JSON messages create an empty file at c:\Users\Aziz\AndroidStudioProjects\LaporTemu\.metals\lsp.trace.json or C:\Users\Aziz\AppData\Local\scalameta\metals\cache\lsp.trace.json
2026.05.18 20:14:08 INFO  logging to files C:\Users\Aziz\AndroidStudioProjects\LaporTemu\.metals\metals.log
2026.05.18 20:14:08 INFO  Started: Metals version 1.6.7 in folders 'C:\Users\Aziz\AndroidStudioProjects\LaporTemu' for client Antigravity 1.107.0.
2026.05.18 20:14:08 INFO  Memory monitor started
2026.05.18 20:14:09 WARN  Using H2 2.4.240 which is newer than the version Flyway has been verified with. The latest verified version of H2 is 2.3.232.
2026.05.18 20:14:09 INFO  no build target found for C:\Users\Aziz\AndroidStudioProjects\LaporTemu\app\src\main\java\id\aziz\laportemu\ProfileFragment.java. Using fallback presentation compiler.
May 18, 2026 8:14:10 PM org.eclipse.lsp4j.jsonrpc.RemoteEndpoint handleCancellation
WARNING: Unmatched cancel notification for request id 2
2026.05.18 20:14:09 INFO  no build target found for C:\Users\Aziz\AndroidStudioProjects\LaporTemu\app\src\main\java\id\aziz\laportemu\ProfileFragment.java. Using fallback presentation compiler.
May 18, 2026 8:14:10 PM org.eclipse.lsp4j.jsonrpc.RemoteEndpoint handleCancellation
WARNING: Unmatched cancel notification for request id 7
2026.05.18 20:14:10 INFO  no build target found for C:\Users\Aziz\AndroidStudioProjects\LaporTemu\app\src\main\java\id\aziz\laportemu\ProfileFragment.java. Using fallback presentation compiler.
2026.05.18 20:14:10 INFO  no build target found for C:\Users\Aziz\AndroidStudioProjects\LaporTemu\app\src\main\java\id\aziz\laportemu\ProfileFragment.java. Using fallback presentation compiler.
2026.05.18 20:14:18 INFO  no build target found for C:\Users\Aziz\AndroidStudioProjects\LaporTemu\app\src\main\java\id\aziz\laportemu\ProfileFragment.java. Using fallback presentation compiler.
2026.05.18 20:14:18 INFO  no build target found for C:\Users\Aziz\AndroidStudioProjects\LaporTemu\app\src\main\java\id\aziz\laportemu\ProfileFragment.java. Using fallback presentation compiler.
May 18, 2026 8:14:18 PM org.eclipse.lsp4j.jsonrpc.RemoteEndpoint handleCancellation
WARNING: Unmatched cancel notification for request id 10
2026.05.18 20:14:18 INFO  no build target found for C:\Users\Aziz\AndroidStudioProjects\LaporTemu\app\src\main\java\id\aziz\laportemu\ProfileFragment.java. Using fallback presentation compiler.
May 18, 2026 8:14:19 PM org.eclipse.lsp4j.jsonrpc.RemoteEndpoint handleCancellation
WARNING: Unmatched cancel notification for request id 11
2026.05.18 20:14:18 INFO  no build target found for C:\Users\Aziz\AndroidStudioProjects\LaporTemu\app\src\main\java\id\aziz\laportemu\ProfileFragment.java. Using fallback presentation compiler.
May 18, 2026 8:14:19 PM org.eclipse.lsp4j.jsonrpc.RemoteEndpoint handleCancellation
WARNING: Unmatched cancel notification for request id 12
2026.05.18 20:14:20 INFO  no build target found for C:\Users\Aziz\AndroidStudioProjects\LaporTemu\app\src\main\java\id\aziz\laportemu\ProfileFragment.java. Using fallback presentation compiler.
2026.05.18 20:14:35 INFO  no build target found for C:\Users\Aziz\AndroidStudioProjects\LaporTemu\app\src\main\java\id\aziz\laportemu\ProfileFragment.java. Using fallback presentation compiler.
2026.05.18 20:14:36 INFO  no build target found for C:\Users\Aziz\AndroidStudioProjects\LaporTemu\app\src\main\java\id\aziz\laportemu\ProfileFragment.java. Using fallback presentation compiler.
2026.05.18 20:14:38 INFO  no build target found for C:\Users\Aziz\AndroidStudioProjects\LaporTemu\app\src\main\java\id\aziz\laportemu\ProfileFragment.java. Using fallback presentation compiler.
2026.05.18 20:14:38 INFO  no build target found for C:\Users\Aziz\AndroidStudioProjects\LaporTemu\app\src\main\java\id\aziz\laportemu\ProfileFragment.java. Using fallback presentation compiler.
2026.05.18 20:16:51 INFO  no build target found for C:\Users\Aziz\AndroidStudioProjects\LaporTemu\app\src\main\java\id\aziz\laportemu\ProfileFragment.java. Using fallback presentation compiler.
2026.05.18 20:16:51 INFO  no build target found for C:\Users\Aziz\AndroidStudioProjects\LaporTemu\app\src\main\java\id\aziz\laportemu\ProfileFragment.java. Using fallback presentation compiler.
2026.05.18 20:16:51 INFO  no build target found for C:\Users\Aziz\AndroidStudioProjects\LaporTemu\app\src\main\java\id\aziz\laportemu\ProfileFragment.java. Using fallback presentation compiler.
2026.05.18 20:16:51 INFO  no build target found for C:\Users\Aziz\AndroidStudioProjects\LaporTemu\app\src\main\java\id\aziz\laportemu\ProfileFragment.java. Using fallback presentation compiler.
2026.05.18 20:16:52 INFO  no build target found for C:\Users\Aziz\AndroidStudioProjects\LaporTemu\app\src\main\java\id\aziz\laportemu\ProfileFragment.java. Using fallback presentation compiler.
2026.05.18 20:16:53 INFO  no build target found for C:\Users\Aziz\AndroidStudioProjects\LaporTemu\app\src\main\java\id\aziz\laportemu\ProfileFragment.java. Using fallback presentation compiler.
2026.05.18 20:17:00 INFO  no build target found for C:\Users\Aziz\AndroidStudioProjects\LaporTemu\app\src\main\java\id\aziz\laportemu\MainActivity.java. Using fallback presentation compiler.
2026.05.18 20:17:00 INFO  no build target found for C:\Users\Aziz\AndroidStudioProjects\LaporTemu\app\src\main\java\id\aziz\laportemu\SplashActivity.java. Using fallback presentation compiler.
2026.05.18 20:17:00 INFO  no build target found for C:\Users\Aziz\AndroidStudioProjects\LaporTemu\app\src\main\java\id\aziz\laportemu\DetailActivity.java. Using fallback presentation compiler.
2026.05.18 20:17:00 INFO  no build target found for C:\Users\Aziz\AndroidStudioProjects\LaporTemu\app\src\main\java\id\aziz\laportemu\ReportFragment.java. Using fallback presentation compiler.
2026.05.18 20:17:00 INFO  no build target found for C:\Users\Aziz\AndroidStudioProjects\LaporTemu\app\src\main\java\id\aziz\laportemu\HomeFragment.java. Using fallback presentation compiler.
2026.05.18 20:17:00 INFO  no build target found for C:\Users\Aziz\AndroidStudioProjects\LaporTemu\app\src\main\java\id\aziz\laportemu\BarangAdapter.java. Using fallback presentation compiler.
2026.05.18 20:17:00 INFO  no build target found for C:\Users\Aziz\AndroidStudioProjects\LaporTemu\app\src\main\java\id\aziz\laportemu\Barang.java. Using fallback presentation compiler.
2026.05.18 20:17:00 INFO  no build target found for C:\Users\Aziz\AndroidStudioProjects\LaporTemu\app\src\main\java\id\aziz\laportemu\DataStore.java. Using fallback presentation compiler.
2026.05.18 20:18:35 INFO  no build target found for C:\Users\Aziz\AndroidStudioProjects\LaporTemu\app\src\main\java\id\aziz\laportemu\DetailActivity.java. Using fallback presentation compiler.
2026.05.18 20:18:37 INFO  no build target found for C:\Users\Aziz\AndroidStudioProjects\LaporTemu\app\src\main\java\id\aziz\laportemu\DetailActivity.java. Using fallback presentation compiler.
2026.05.18 20:20:57 INFO  no build target found for C:\Users\Aziz\AndroidStudioProjects\LaporTemu\app\src\main\java\id\aziz\laportemu\MainActivity.java. Using fallback presentation compiler.
2026.05.18 20:21:26 INFO  no build target found for C:\Users\Aziz\AndroidStudioProjects\LaporTemu\app\src\main\java\id\aziz\laportemu\DetailActivity.java. Using fallback presentation compiler.
2026.05.18 20:39:16 INFO  no build target found for C:\Users\Aziz\AndroidStudioProjects\LaporTemu\app\src\main\java\id\aziz\laportemu\ReportFragment.java. Using fallback presentation compiler.
2026.05.18 20:59:57 INFO  Shutting down server
2026.05.18 20:59:57 INFO  Memory monitor stopped
2026.05.18 20:59:57 INFO  shutting down Metals
2026.05.18 20:59:57 INFO  Exiting server
2026.05.19 18:00:46 INFO  Started: Metals version 1.6.7 in folders 'C:\Users\Aziz\AndroidStudioProjects\LaporTemu' for client Antigravity 1.107.0.
2026.05.19 18:00:46 INFO  Memory monitor started
2026.05.19 18:00:48 WARN  Using H2 2.4.240 which is newer than the version Flyway has been verified with. The latest verified version of H2 is 2.3.232.
2026.05.19 18:03:12 INFO  no build target found for C:\Users\Aziz\AndroidStudioProjects\LaporTemu\app\src\main\java\id\aziz\laportemu\MainActivity.java. Using fallback presentation compiler.
2026.05.19 18:03:12 INFO  no build target found for C:\Users\Aziz\AndroidStudioProjects\LaporTemu\app\src\main\java\id\aziz\laportemu\ProfileFragment.java. Using fallback presentation compiler.
2026.05.19 18:03:12 INFO  no build target found for C:\Users\Aziz\AndroidStudioProjects\LaporTemu\app\src\main\java\id\aziz\laportemu\SplashActivity.java. Using fallback presentation compiler.
2026.05.19 18:03:12 INFO  no build target found for C:\Users\Aziz\AndroidStudioProjects\LaporTemu\app\src\main\java\id\aziz\laportemu\DetailActivity.java. Using fallback presentation compiler.
2026.05.19 18:03:12 INFO  no build target found for C:\Users\Aziz\AndroidStudioProjects\LaporTemu\app\src\main\java\id\aziz\laportemu\ReportFragment.java. Using fallback presentation compiler.
2026.05.19 18:03:12 INFO  no build target found for C:\Users\Aziz\AndroidStudioProjects\LaporTemu\app\src\main\java\id\aziz\laportemu\HomeFragment.java. Using fallback presentation compiler.
2026.05.19 18:03:12 INFO  no build target found for C:\Users\Aziz\AndroidStudioProjects\LaporTemu\app\src\main\java\id\aziz\laportemu\BarangAdapter.java. Using fallback presentation compiler.
2026.05.19 18:03:12 INFO  no build target found for C:\Users\Aziz\AndroidStudioProjects\LaporTemu\app\src\main\java\id\aziz\laportemu\Barang.java. Using fallback presentation compiler.
2026.05.19 18:03:12 INFO  no build target found for C:\Users\Aziz\AndroidStudioProjects\LaporTemu\app\src\main\java\id\aziz\laportemu\DataStore.java. Using fallback presentation compiler.
2026.05.19 18:25:28 INFO  no build target found for C:\Users\Aziz\AndroidStudioProjects\LaporTemu\app\src\main\java\id\aziz\laportemu\DetailActivity.java. Using fallback presentation compiler.
2026.05.19 18:25:29 WARN  no build target for: C:\Users\Aziz\AndroidStudioProjects\LaporTemu\app\src\main\java\id\aziz\laportemu\DetailActivity.java
2026.05.19 18:25:30 INFO  no build target found for C:\Users\Aziz\AndroidStudioProjects\LaporTemu\app\src\main\java\id\aziz\laportemu\DetailActivity.java. Using fallback presentation compiler.
May 19, 2026 6:25:30 PM org.eclipse.lsp4j.jsonrpc.RemoteEndpoint handleCancellation
WARNING: Unmatched cancel notification for request id 1
2026.05.19 18:25:30 INFO  no build target found for C:\Users\Aziz\AndroidStudioProjects\LaporTemu\app\src\main\java\id\aziz\laportemu\DetailActivity.java. Using fallback presentation compiler.
2026.05.19 18:25:30 INFO  no build target found for C:\Users\Aziz\AndroidStudioProjects\LaporTemu\app\src\main\java\id\aziz\laportemu\DetailActivity.java. Using fallback presentation compiler.
2026.05.19 18:25:30 INFO  no build target found for C:\Users\Aziz\AndroidStudioProjects\LaporTemu\app\src\main\java\id\aziz\laportemu\DetailActivity.java. Using fallback presentation compiler.
2026.05.19 18:25:30 INFO  no build target found for C:\Users\Aziz\AndroidStudioProjects\LaporTemu\app\src\main\java\id\aziz\laportemu\DetailActivity.java. Using fallback presentation compiler.
2026.05.19 18:25:30 INFO  no build target found for C:\Users\Aziz\AndroidStudioProjects\LaporTemu\app\src\main\java\id\aziz\laportemu\DetailActivity.java. Using fallback presentation compiler.
2026.05.19 18:25:30 INFO  no build target found for C:\Users\Aziz\AndroidStudioProjects\LaporTemu\app\src\main\java\id\aziz\laportemu\DetailActivity.java. Using fallback presentation compiler.
2026.05.19 18:25:30 INFO  no build target found for C:\Users\Aziz\AndroidStudioProjects\LaporTemu\app\src\main\java\id\aziz\laportemu\DetailActivity.java. Using fallback presentation compiler.
2026.05.19 18:25:30 INFO  no build target found for C:\Users\Aziz\AndroidStudioProjects\LaporTemu\app\src\main\java\id\aziz\laportemu\DetailActivity.java. Using fallback presentation compiler.
2026.05.19 18:25:30 INFO  no build target found for C:\Users\Aziz\AndroidStudioProjects\LaporTemu\app\src\main\java\id\aziz\laportemu\DetailActivity.java. Using fallback presentation compiler.
2026.05.19 18:25:30 INFO  no build target found for C:\Users\Aziz\AndroidStudioProjects\LaporTemu\app\src\main\java\id\aziz\laportemu\DetailActivity.java. Using fallback presentation compiler.
2026.05.19 18:25:30 INFO  no build target found for C:\Users\Aziz\AndroidStudioProjects\LaporTemu\app\src\main\java\id\aziz\laportemu\DetailActivity.java. Using fallback presentation compiler.
2026.05.19 18:25:31 INFO  no build target found for C:\Users\Aziz\AndroidStudioProjects\LaporTemu\app\src\main\java\id\aziz\laportemu\DetailActivity.java. Using fallback presentation compiler.
2026.05.19 18:25:31 INFO  no build target found for C:\Users\Aziz\AndroidStudioProjects\LaporTemu\app\src\main\java\id\aziz\laportemu\DetailActivity.java. Using fallback presentation compiler.
2026.05.19 18:25:31 INFO  no build target found for C:\Users\Aziz\AndroidStudioProjects\LaporTemu\app\src\main\java\id\aziz\laportemu\DetailActivity.java. Using fallback presentation compiler.
2026.05.19 18:25:31 INFO  no build target found for C:\Users\Aziz\AndroidStudioProjects\LaporTemu\app\src\main\java\id\aziz\laportemu\DetailActivity.java. Using fallback presentation compiler.
2026.05.19 18:25:31 INFO  no build target found for C:\Users\Aziz\AndroidStudioProjects\LaporTemu\app\src\main\java\id\aziz\laportemu\DetailActivity.java. Using fallback presentation compiler.
2026.05.19 18:25:31 INFO  no build target found for C:\Users\Aziz\AndroidStudioProjects\LaporTemu\app\src\main\java\id\aziz\laportemu\DetailActivity.java. Using fallback presentation compiler.
2026.05.19 18:25:31 INFO  no build target found for C:\Users\Aziz\AndroidStudioProjects\LaporTemu\app\src\main\java\id\aziz\laportemu\DetailActivity.java. Using fallback presentation compiler.
2026.05.19 18:25:31 INFO  no build target found for C:\Users\Aziz\AndroidStudioProjects\LaporTemu\app\src\main\java\id\aziz\laportemu\DetailActivity.java. Using fallback presentation compiler.
2026.05.19 18:25:31 INFO  no build target found for C:\Users\Aziz\AndroidStudioProjects\LaporTemu\app\src\main\java\id\aziz\laportemu\DetailActivity.java. Using fallback presentation compiler.
2026.05.19 18:25:31 INFO  no build target found for C:\Users\Aziz\AndroidStudioProjects\LaporTemu\app\src\main\java\id\aziz\laportemu\DetailActivity.java. Using fallback presentation compiler.
2026.05.19 18:25:31 INFO  no build target found for C:\Users\Aziz\AndroidStudioProjects\LaporTemu\app\src\main\java\id\aziz\laportemu\DetailActivity.java. Using fallback presentation compiler.
2026.05.19 18:25:31 INFO  no build target found for C:\Users\Aziz\AndroidStudioProjects\LaporTemu\app\src\main\java\id\aziz\laportemu\DetailActivity.java. Using fallback presentation compiler.
2026.05.19 18:25:31 INFO  no build target found for C:\Users\Aziz\AndroidStudioProjects\LaporTemu\app\src\main\java\id\aziz\laportemu\DetailActivity.java. Using fallback presentation compiler.
2026.05.19 18:25:31 INFO  no build target found for C:\Users\Aziz\AndroidStudioProjects\LaporTemu\app\src\main\java\id\aziz\laportemu\DetailActivity.java. Using fallback presentation compiler.
2026.05.19 18:25:31 INFO  no build target found for C:\Users\Aziz\AndroidStudioProjects\LaporTemu\app\src\main\java\id\aziz\laportemu\DetailActivity.java. Using fallback presentation compiler.
2026.05.19 18:25:31 INFO  no build target found for C:\Users\Aziz\AndroidStudioProjects\LaporTemu\app\src\main\java\id\aziz\laportemu\DetailActivity.java. Using fallback presentation compiler.
2026.05.19 18:25:31 INFO  no build target found for C:\Users\Aziz\AndroidStudioProjects\LaporTemu\app\src\main\java\id\aziz\laportemu\DetailActivity.java. Using fallback presentation compiler.
2026.05.19 18:25:31 INFO  no build target found for C:\Users\Aziz\AndroidStudioProjects\LaporTemu\app\src\main\java\id\aziz\laportemu\DetailActivity.java. Using fallback presentation compiler.
2026.05.19 18:25:31 INFO  no build target found for C:\Users\Aziz\AndroidStudioProjects\LaporTemu\app\src\main\java\id\aziz\laportemu\DetailActivity.java. Using fallback presentation compiler.
2026.05.19 18:25:31 INFO  no build target found for C:\Users\Aziz\AndroidStudioProjects\LaporTemu\app\src\main\java\id\aziz\laportemu\DetailActivity.java. Using fallback presentation compiler.
2026.05.19 18:25:31 INFO  no build target found for C:\Users\Aziz\AndroidStudioProjects\LaporTemu\app\src\main\java\id\aziz\laportemu\DetailActivity.java. Using fallback presentation compiler.
2026.05.19 18:25:31 INFO  no build target found for C:\Users\Aziz\AndroidStudioProjects\LaporTemu\app\src\main\java\id\aziz\laportemu\DetailActivity.java. Using fallback presentation compiler.
2026.05.19 18:25:31 INFO  no build target found for C:\Users\Aziz\AndroidStudioProjects\LaporTemu\app\src\main\java\id\aziz\laportemu\DetailActivity.java. Using fallback presentation compiler.
2026.05.19 18:25:31 INFO  no build target found for C:\Users\Aziz\AndroidStudioProjects\LaporTemu\app\src\main\java\id\aziz\laportemu\DetailActivity.java. Using fallback presentation compiler.
2026.05.19 18:25:31 INFO  no build target found for C:\Users\Aziz\AndroidStudioProjects\LaporTemu\app\src\main\java\id\aziz\laportemu\DetailActivity.java. Using fallback presentation compiler.
2026.05.19 18:25:31 INFO  no build target found for C:\Users\Aziz\AndroidStudioProjects\LaporTemu\app\src\main\java\id\aziz\laportemu\DetailActivity.java. Using fallback presentation compiler.
2026.05.19 18:25:31 INFO  no build target found for C:\Users\Aziz\AndroidStudioProjects\LaporTemu\app\src\main\java\id\aziz\laportemu\DetailActivity.java. Using fallback presentation compiler.
2026.05.19 18:25:31 INFO  no build target found for C:\Users\Aziz\AndroidStudioProjects\LaporTemu\app\src\main\java\id\aziz\laportemu\DetailActivity.java. Using fallback presentation compiler.
2026.05.19 18:25:31 INFO  no build target found for C:\Users\Aziz\AndroidStudioProjects\LaporTemu\app\src\main\java\id\aziz\laportemu\DetailActivity.java. Using fallback presentation compiler.
2026.05.19 18:25:31 INFO  no build target found for C:\Users\Aziz\AndroidStudioProjects\LaporTemu\app\src\main\java\id\aziz\laportemu\DetailActivity.java. Using fallback presentation compiler.
2026.05.19 18:25:31 INFO  no build target found for C:\Users\Aziz\AndroidStudioProjects\LaporTemu\app\src\main\java\id\aziz\laportemu\DetailActivity.java. Using fallback presentation compiler.
2026.05.19 18:25:31 INFO  no build target found for C:\Users\Aziz\AndroidStudioProjects\LaporTemu\app\src\main\java\id\aziz\laportemu\DetailActivity.java. Using fallback presentation compiler.
2026.05.19 18:25:31 INFO  no build target found for C:\Users\Aziz\AndroidStudioProjects\LaporTemu\app\src\main\java\id\aziz\laportemu\DetailActivity.java. Using fallback presentation compiler.
2026.05.19 18:25:31 INFO  no build target found for C:\Users\Aziz\AndroidStudioProjects\LaporTemu\app\src\main\java\id\aziz\laportemu\DetailActivity.java. Using fallback presentation compiler.
2026.05.19 18:25:32 INFO  no build target found for C:\Users\Aziz\AndroidStudioProjects\LaporTemu\app\src\main\java\id\aziz\laportemu\DetailActivity.java. Using fallback presentation compiler.
2026.05.19 18:25:32 INFO  no build target found for C:\Users\Aziz\AndroidStudioProjects\LaporTemu\app\src\main\java\id\aziz\laportemu\DetailActivity.java. Using fallback presentation compiler.
2026.05.19 18:25:32 INFO  no build target found for C:\Users\Aziz\AndroidStudioProjects\LaporTemu\app\src\main\java\id\aziz\laportemu\DetailActivity.java. Using fallback presentation compiler.
2026.05.19 18:25:32 INFO  no build target found for C:\Users\Aziz\AndroidStudioProjects\LaporTemu\app\src\main\java\id\aziz\laportemu\DetailActivity.java. Using fallback presentation compiler.
2026.05.19 18:25:32 INFO  no build target found for C:\Users\Aziz\AndroidStudioProjects\LaporTemu\app\src\main\java\id\aziz\laportemu\DetailActivity.java. Using fallback presentation compiler.
2026.05.19 18:25:32 INFO  no build target found for C:\Users\Aziz\AndroidStudioProjects\LaporTemu\app\src\main\java\id\aziz\laportemu\DetailActivity.java. Using fallback presentation compiler.
2026.05.19 18:25:32 INFO  no build target found for C:\Users\Aziz\AndroidStudioProjects\LaporTemu\app\src\main\java\id\aziz\laportemu\DetailActivity.java. Using fallback presentation compiler.
2026.05.19 18:25:32 INFO  no build target found for C:\Users\Aziz\AndroidStudioProjects\LaporTemu\app\src\main\java\id\aziz\laportemu\DetailActivity.java. Using fallback presentation compiler.
2026.05.19 18:25:32 INFO  no build target found for C:\Users\Aziz\AndroidStudioProjects\LaporTemu\app\src\main\java\id\aziz\laportemu\DetailActivity.java. Using fallback presentation compiler.
2026.05.19 18:25:32 INFO  no build target found for C:\Users\Aziz\AndroidStudioProjects\LaporTemu\app\src\main\java\id\aziz\laportemu\DetailActivity.java. Using fallback presentation compiler.
2026.05.19 18:25:32 INFO  no build target found for C:\Users\Aziz\AndroidStudioProjects\LaporTemu\app\src\main\java\id\aziz\laportemu\DetailActivity.java. Using fallback presentation compiler.
2026.05.19 18:25:32 INFO  no build target found for C:\Users\Aziz\AndroidStudioProjects\LaporTemu\app\src\main\java\id\aziz\laportemu\DetailActivity.java. Using fallback presentation compiler.
2026.05.19 18:25:32 INFO  no build target found for C:\Users\Aziz\AndroidStudioProjects\LaporTemu\app\src\main\java\id\aziz\laportemu\DetailActivity.java. Using fallback presentation compiler.
2026.05.19 18:25:32 INFO  no build target found for C:\Users\Aziz\AndroidStudioProjects\LaporTemu\app\src\main\java\id\aziz\laportemu\DetailActivity.java. Using fallback presentation compiler.
2026.05.19 18:25:32 INFO  no build target found for C:\Users\Aziz\AndroidStudioProjects\LaporTemu\app\src\main\java\id\aziz\laportemu\DetailActivity.java. Using fallback presentation compiler.
2026.05.19 18:25:32 INFO  no build target found for C:\Users\Aziz\AndroidStudioProjects\LaporTemu\app\src\main\java\id\aziz\laportemu\DetailActivity.java. Using fallback presentation compiler.
2026.05.19 18:25:32 INFO  no build target found for C:\Users\Aziz\AndroidStudioProjects\LaporTemu\app\src\main\java\id\aziz\laportemu\DetailActivity.java. Using fallback presentation compiler.
2026.05.19 18:25:32 INFO  no build target found for C:\Users\Aziz\AndroidStudioProjects\LaporTemu\app\src\main\java\id\aziz\laportemu\DetailActivity.java. Using fallback presentation compiler.
2026.05.19 18:25:32 INFO  no build target found for C:\Users\Aziz\AndroidStudioProjects\LaporTemu\app\src\main\java\id\aziz\laportemu\DetailActivity.java. Using fallback presentation compiler.
2026.05.19 18:25:32 INFO  no build target found for C:\Users\Aziz\AndroidStudioProjects\LaporTemu\app\src\main\java\id\aziz\laportemu\DetailActivity.java. Using fallback presentation compiler.
2026.05.19 18:25:32 INFO  no build target found for C:\Users\Aziz\AndroidStudioProjects\LaporTemu\app\src\main\java\id\aziz\laportemu\DetailActivity.java. Using fallback presentation compiler.
2026.05.19 18:25:32 INFO  no build target found for C:\Users\Aziz\AndroidStudioProjects\LaporTemu\app\src\main\java\id\aziz\laportemu\DetailActivity.java. Using fallback presentation compiler.
2026.05.19 18:25:32 INFO  no build target found for C:\Users\Aziz\AndroidStudioProjects\LaporTemu\app\src\main\java\id\aziz\laportemu\DetailActivity.java. Using fallback presentation compiler.
2026.05.19 18:25:32 INFO  no build target found for C:\Users\Aziz\AndroidStudioProjects\LaporTemu\app\src\main\java\id\aziz\laportemu\DetailActivity.java. Using fallback presentation compiler.
2026.05.19 18:25:32 INFO  no build target found for C:\Users\Aziz\AndroidStudioProjects\LaporTemu\app\src\main\java\id\aziz\laportemu\DetailActivity.java. Using fallback presentation compiler.
2026.05.19 18:25:32 INFO  no build target found for C:\Users\Aziz\AndroidStudioProjects\LaporTemu\app\src\main\java\id\aziz\laportemu\DetailActivity.java. Using fallback presentation compiler.
2026.05.19 18:25:32 INFO  no build target found for C:\Users\Aziz\AndroidStudioProjects\LaporTemu\app\src\main\java\id\aziz\laportemu\DetailActivity.java. Using fallback presentation compiler.
2026.05.19 18:25:32 INFO  no build target found for C:\Users\Aziz\AndroidStudioProjects\LaporTemu\app\src\main\java\id\aziz\laportemu\DetailActivity.java. Using fallback presentation compiler.
2026.05.19 18:25:32 INFO  no build target found for C:\Users\Aziz\AndroidStudioProjects\LaporTemu\app\src\main\java\id\aziz\laportemu\DetailActivity.java. Using fallback presentation compiler.
2026.05.19 18:25:32 INFO  no build target found for C:\Users\Aziz\AndroidStudioProjects\LaporTemu\app\src\main\java\id\aziz\laportemu\DetailActivity.java. Using fallback presentation compiler.
2026.05.19 18:25:32 INFO  no build target found for C:\Users\Aziz\AndroidStudioProjects\LaporTemu\app\src\main\java\id\aziz\laportemu\DetailActivity.java. Using fallback presentation compiler.
2026.05.19 18:25:32 INFO  no build target found for C:\Users\Aziz\AndroidStudioProjects\LaporTemu\app\src\main\java\id\aziz\laportemu\DetailActivity.java. Using fallback presentation compiler.
2026.05.19 18:25:32 INFO  no build target found for C:\Users\Aziz\AndroidStudioProjects\LaporTemu\app\src\main\java\id\aziz\laportemu\DetailActivity.java. Using fallback presentation compiler.
2026.05.19 18:25:32 INFO  no build target found for C:\Users\Aziz\AndroidStudioProjects\LaporTemu\app\src\main\java\id\aziz\laportemu\DetailActivity.java. Using fallback presentation compiler.
2026.05.19 18:25:32 INFO  no build target found for C:\Users\Aziz\AndroidStudioProjects\LaporTemu\app\src\main\java\id\aziz\laportemu\DetailActivity.java. Using fallback presentation compiler.
2026.05.19 18:25:32 INFO  no build target found for C:\Users\Aziz\AndroidStudioProjects\LaporTemu\app\src\main\java\id\aziz\laportemu\DetailActivity.java. Using fallback presentation compiler.
2026.05.19 18:25:32 INFO  no build target found for C:\Users\Aziz\AndroidStudioProjects\LaporTemu\app\src\main\java\id\aziz\laportemu\DetailActivity.java. Using fallback presentation compiler.
2026.05.19 18:25:32 INFO  no build target found for C:\Users\Aziz\AndroidStudioProjects\LaporTemu\app\src\main\java\id\aziz\laportemu\DetailActivity.java. Using fallback presentation compiler.
2026.05.19 18:25:32 INFO  no build target found for C:\Users\Aziz\AndroidStudioProjects\LaporTemu\app\src\main\java\id\aziz\laportemu\DetailActivity.java. Using fallback presentation compiler.
2026.05.19 18:25:32 INFO  no build target found for C:\Users\Aziz\AndroidStudioProjects\LaporTemu\app\src\main\java\id\aziz\laportemu\DetailActivity.java. Using fallback presentation compiler.
2026.05.19 18:25:32 INFO  no build target found for C:\Users\Aziz\AndroidStudioProjects\LaporTemu\app\src\main\java\id\aziz\laportemu\DetailActivity.java. Using fallback presentation compiler.
2026.05.19 18:25:32 INFO  no build target found for C:\Users\Aziz\AndroidStudioProjects\LaporTemu\app\src\main\java\id\aziz\laportemu\DetailActivity.java. Using fallback presentation compiler.
2026.05.19 18:25:32 INFO  no build target found for C:\Users\Aziz\AndroidStudioProjects\LaporTemu\app\src\main\java\id\aziz\laportemu\DetailActivity.java. Using fallback presentation compiler.
2026.05.19 18:25:33 INFO  no build target found for C:\Users\Aziz\AndroidStudioProjects\LaporTemu\app\src\main\java\id\aziz\laportemu\DetailActivity.java. Using fallback presentation compiler.
2026.05.19 18:25:33 INFO  no build target found for C:\Users\Aziz\AndroidStudioProjects\LaporTemu\app\src\main\java\id\aziz\laportemu\DetailActivity.java. Using fallback presentation compiler.
2026.05.19 18:25:33 INFO  no build target found for C:\Users\Aziz\AndroidStudioProjects\LaporTemu\app\src\main\java\id\aziz\laportemu\DetailActivity.java. Using fallback presentation compiler.
2026.05.19 18:25:33 INFO  no build target found for C:\Users\Aziz\AndroidStudioProjects\LaporTemu\app\src\main\java\id\aziz\laportemu\DetailActivity.java. Using fallback presentation compiler.
2026.05.19 18:25:33 INFO  no build target found for C:\Users\Aziz\AndroidStudioProjects\LaporTemu\app\src\main\java\id\aziz\laportemu\DetailActivity.java. Using fallback presentation compiler.
2026.05.19 18:25:33 INFO  no build target found for C:\Users\Aziz\AndroidStudioProjects\LaporTemu\app\src\main\java\id\aziz\laportemu\DetailActivity.java. Using fallback presentation compiler.
2026.05.19 18:25:33 INFO  no build target found for C:\Users\Aziz\AndroidStudioProjects\LaporTemu\app\src\main\java\id\aziz\laportemu\DetailActivity.java. Using fallback presentation compiler.
2026.05.19 18:25:33 INFO  no build target found for C:\Users\Aziz\AndroidStudioProjects\LaporTemu\app\src\main\java\id\aziz\laportemu\DetailActivity.java. Using fallback presentation compiler.
2026.05.19 18:25:33 INFO  no build target found for C:\Users\Aziz\AndroidStudioProjects\LaporTemu\app\src\main\java\id\aziz\laportemu\DetailActivity.java. Using fallback presentation compiler.
2026.05.19 18:25:33 INFO  no build target found for C:\Users\Aziz\AndroidStudioProjects\LaporTemu\app\src\main\java\id\aziz\laportemu\DetailActivity.java. Using fallback presentation compiler.
2026.05.19 18:25:33 INFO  no build target found for C:\Users\Aziz\AndroidStudioProjects\LaporTemu\app\src\main\java\id\aziz\laportemu\DetailActivity.java. Using fallback presentation compiler.
2026.05.19 18:25:33 INFO  no build target found for C:\Users\Aziz\AndroidStudioProjects\LaporTemu\app\src\main\java\id\aziz\laportemu\DetailActivity.java. Using fallback presentation compiler.
2026.05.19 18:25:33 INFO  no build target found for C:\Users\Aziz\AndroidStudioProjects\LaporTemu\app\src\main\java\id\aziz\laportemu\DetailActivity.java. Using fallback presentation compiler.
2026.05.19 18:25:33 INFO  no build target found for C:\Users\Aziz\AndroidStudioProjects\LaporTemu\app\src\main\java\id\aziz\laportemu\DetailActivity.java. Using fallback presentation compiler.
2026.05.19 18:25:33 INFO  no build target found for C:\Users\Aziz\AndroidStudioProjects\LaporTemu\app\src\main\java\id\aziz\laportemu\DetailActivity.java. Using fallback presentation compiler.
2026.05.19 18:25:33 INFO  no build target found for C:\Users\Aziz\AndroidStudioProjects\LaporTemu\app\src\main\java\id\aziz\laportemu\DetailActivity.java. Using fallback presentation compiler.
2026.05.19 18:25:33 INFO  no build target found for C:\Users\Aziz\AndroidStudioProjects\LaporTemu\app\src\main\java\id\aziz\laportemu\DetailActivity.java. Using fallback presentation compiler.
2026.05.19 18:25:33 INFO  no build target found for C:\Users\Aziz\AndroidStudioProjects\LaporTemu\app\src\main\java\id\aziz\laportemu\DetailActivity.java. Using fallback presentation compiler.
2026.05.19 18:25:33 INFO  no build target found for C:\Users\Aziz\AndroidStudioProjects\LaporTemu\app\src\main\java\id\aziz\laportemu\DetailActivity.java. Using fallback presentation compiler.
2026.05.19 18:25:33 INFO  no build target found for C:\Users\Aziz\AndroidStudioProjects\LaporTemu\app\src\main\java\id\aziz\laportemu\DetailActivity.java. Using fallback presentation compiler.
2026.05.19 18:25:33 INFO  no build target found for C:\Users\Aziz\AndroidStudioProjects\LaporTemu\app\src\main\java\id\aziz\laportemu\DetailActivity.java. Using fallback presentation compiler.
2026.05.19 18:25:33 INFO  no build target found for C:\Users\Aziz\AndroidStudioProjects\LaporTemu\app\src\main\java\id\aziz\laportemu\DetailActivity.java. Using fallback presentation compiler.
2026.05.19 18:25:33 INFO  no build target found for C:\Users\Aziz\AndroidStudioProjects\LaporTemu\app\src\main\java\id\aziz\laportemu\DetailActivity.java. Using fallback presentation compiler.
2026.05.19 18:25:33 INFO  no build target found for C:\Users\Aziz\AndroidStudioProjects\LaporTemu\app\src\main\java\id\aziz\laportemu\DetailActivity.java. Using fallback presentation compiler.
2026.05.19 18:25:33 INFO  no build target found for C:\Users\Aziz\AndroidStudioProjects\LaporTemu\app\src\main\java\id\aziz\laportemu\DetailActivity.java. Using fallback presentation compiler.
2026.05.19 18:25:33 INFO  no build target found for C:\Users\Aziz\AndroidStudioProjects\LaporTemu\app\src\main\java\id\aziz\laportemu\DetailActivity.java. Using fallback presentation compiler.
2026.05.19 18:25:33 INFO  no build target found for C:\Users\Aziz\AndroidStudioProjects\LaporTemu\app\src\main\java\id\aziz\laportemu\DetailActivity.java. Using fallback presentation compiler.
2026.05.19 18:25:33 INFO  no build target found for C:\Users\Aziz\AndroidStudioProjects\LaporTemu\app\src\main\java\id\aziz\laportemu\DetailActivity.java. Using fallback presentation compiler.
2026.05.19 18:25:33 INFO  no build target found for C:\Users\Aziz\AndroidStudioProjects\LaporTemu\app\src\main\java\id\aziz\laportemu\DetailActivity.java. Using fallback presentation compiler.
2026.05.19 18:25:33 INFO  no build target found for C:\Users\Aziz\AndroidStudioProjects\LaporTemu\app\src\main\java\id\aziz\laportemu\DetailActivity.java. Using fallback presentation compiler.
2026.05.19 18:25:33 INFO  no build target found for C:\Users\Aziz\AndroidStudioProjects\LaporTemu\app\src\main\java\id\aziz\laportemu\DetailActivity.java. Using fallback presentation compiler.
2026.05.19 18:25:33 INFO  no build target found for C:\Users\Aziz\AndroidStudioProjects\LaporTemu\app\src\main\java\id\aziz\laportemu\DetailActivity.java. Using fallback presentation compiler.
2026.05.19 18:25:33 INFO  no build target found for C:\Users\Aziz\AndroidStudioProjects\LaporTemu\app\src\main\java\id\aziz\laportemu\DetailActivity.java. Using fallback presentation compiler.
2026.05.19 18:25:33 INFO  no build target found for C:\Users\Aziz\AndroidStudioProjects\LaporTemu\app\src\main\java\id\aziz\laportemu\DetailActivity.java. Using fallback presentation compiler.
2026.05.19 18:25:33 INFO  no build target found for C:\Users\Aziz\AndroidStudioProjects\LaporTemu\app\src\main\java\id\aziz\laportemu\DetailActivity.java. Using fallback presentation compiler.
2026.05.19 18:25:33 INFO  no build target found for C:\Users\Aziz\AndroidStudioProjects\LaporTemu\app\src\main\java\id\aziz\laportemu\DetailActivity.java. Using fallback presentation compiler.
2026.05.19 18:25:33 INFO  no build target found for C:\Users\Aziz\AndroidStudioProjects\LaporTemu\app\src\main\java\id\aziz\laportemu\DetailActivity.java. Using fallback presentation compiler.
2026.05.19 18:25:33 INFO  no build target found for C:\Users\Aziz\AndroidStudioProjects\LaporTemu\app\src\main\java\id\aziz\laportemu\DetailActivity.java. Using fallback presentation compiler.
2026.05.19 18:25:33 INFO  no build target found for C:\Users\Aziz\AndroidStudioProjects\LaporTemu\app\src\main\java\id\aziz\laportemu\DetailActivity.java. Using fallback presentation compiler.
2026.05.19 18:25:33 INFO  no build target found for C:\Users\Aziz\AndroidStudioProjects\LaporTemu\app\src\main\java\id\aziz\laportemu\DetailActivity.java. Using fallback presentation compiler.
2026.05.19 18:25:33 INFO  no build target found for C:\Users\Aziz\AndroidStudioProjects\LaporTemu\app\src\main\java\id\aziz\laportemu\DetailActivity.java. Using fallback presentation compiler.
2026.05.19 18:25:33 INFO  no build target found for C:\Users\Aziz\AndroidStudioProjects\LaporTemu\app\src\main\java\id\aziz\laportemu\DetailActivity.java. Using fallback presentation compiler.
2026.05.19 18:25:33 INFO  no build target found for C:\Users\Aziz\AndroidStudioProjects\LaporTemu\app\src\main\java\id\aziz\laportemu\DetailActivity.java. Using fallback presentation compiler.
2026.05.19 18:25:33 INFO  no build target found for C:\Users\Aziz\AndroidStudioProjects\LaporTemu\app\src\main\java\id\aziz\laportemu\DetailActivity.java. Using fallback presentation compiler.
2026.05.19 18:25:33 INFO  no build target found for C:\Users\Aziz\AndroidStudioProjects\LaporTemu\app\src\main\java\id\aziz\laportemu\DetailActivity.java. Using fallback presentation compiler.
2026.05.19 18:25:33 INFO  no build target found for C:\Users\Aziz\AndroidStudioProjects\LaporTemu\app\src\main\java\id\aziz\laportemu\DetailActivity.java. Using fallback presentation compiler.
2026.05.19 18:25:33 INFO  no build target found for C:\Users\Aziz\AndroidStudioProjects\LaporTemu\app\src\main\java\id\aziz\laportemu\DetailActivity.java. Using fallback presentation compiler.
2026.05.19 18:25:33 INFO  no build target found for C:\Users\Aziz\AndroidStudioProjects\LaporTemu\app\src\main\java\id\aziz\laportemu\DetailActivity.java. Using fallback presentation compiler.
2026.05.19 18:25:33 INFO  no build target found for C:\Users\Aziz\AndroidStudioProjects\LaporTemu\app\src\main\java\id\aziz\laportemu\DetailActivity.java. Using fallback presentation compiler.
2026.05.19 18:25:33 INFO  no build target found for C:\Users\Aziz\AndroidStudioProjects\LaporTemu\app\src\main\java\id\aziz\laportemu\DetailActivity.java. Using fallback presentation compiler.
2026.05.19 18:25:33 INFO  no build target found for C:\Users\Aziz\AndroidStudioProjects\LaporTemu\app\src\main\java\id\aziz\laportemu\DetailActivity.java. Using fallback presentation compiler.
2026.05.19 18:25:33 INFO  no build target found for C:\Users\Aziz\AndroidStudioProjects\LaporTemu\app\src\main\java\id\aziz\laportemu\DetailActivity.java. Using fallback presentation compiler.
2026.05.19 18:25:33 INFO  no build target found for C:\Users\Aziz\AndroidStudioProjects\LaporTemu\app\src\main\java\id\aziz\laportemu\DetailActivity.java. Using fallback presentation compiler.
2026.05.19 18:25:33 INFO  no build target found for C:\Users\Aziz\AndroidStudioProjects\LaporTemu\app\src\main\java\id\aziz\laportemu\DetailActivity.java. Using fallback presentation compiler.
2026.05.19 18:25:34 INFO  no build target found for C:\Users\Aziz\AndroidStudioProjects\LaporTemu\app\src\main\java\id\aziz\laportemu\DetailActivity.java. Using fallback presentation compiler.
2026.05.19 18:25:34 INFO  no build target found for C:\Users\Aziz\AndroidStudioProjects\LaporTemu\app\src\main\java\id\aziz\laportemu\DetailActivity.java. Using fallback presentation compiler.
2026.05.19 18:25:34 INFO  no build target found for C:\Users\Aziz\AndroidStudioProjects\LaporTemu\app\src\main\java\id\aziz\laportemu\DetailActivity.java. Using fallback presentation compiler.
2026.05.19 18:25:34 INFO  no build target found for C:\Users\Aziz\AndroidStudioProjects\LaporTemu\app\src\main\java\id\aziz\laportemu\DetailActivity.java. Using fallback presentation compiler.
2026.05.19 18:25:34 INFO  no build target found for C:\Users\Aziz\AndroidStudioProjects\LaporTemu\app\src\main\java\id\aziz\laportemu\DetailActivity.java. Using fallback presentation compiler.
2026.05.19 18:25:34 INFO  no build target found for C:\Users\Aziz\AndroidStudioProjects\LaporTemu\app\src\main\java\id\aziz\laportemu\DetailActivity.java. Using fallback presentation compiler.
2026.05.19 18:25:34 INFO  no build target found for C:\Users\Aziz\AndroidStudioProjects\LaporTemu\app\src\main\java\id\aziz\laportemu\DetailActivity.java. Using fallback presentation compiler.
2026.05.19 18:25:34 INFO  no build target found for C:\Users\Aziz\AndroidStudioProjects\LaporTemu\app\src\main\java\id\aziz\laportemu\DetailActivity.java. Using fallback presentation compiler.
2026.05.19 18:25:34 INFO  no build target found for C:\Users\Aziz\AndroidStudioProjects\LaporTemu\app\src\main\java\id\aziz\laportemu\DetailActivity.java. Using fallback presentation compiler.
2026.05.19 18:25:34 INFO  no build target found for C:\Users\Aziz\AndroidStudioProjects\LaporTemu\app\src\main\java\id\aziz\laportemu\DetailActivity.java. Using fallback presentation compiler.
2026.05.19 18:25:34 INFO  no build target found for C:\Users\Aziz\AndroidStudioProjects\LaporTemu\app\src\main\java\id\aziz\laportemu\DetailActivity.java. Using fallback presentation compiler.
2026.05.19 18:25:34 INFO  no build target found for C:\Users\Aziz\AndroidStudioProjects\LaporTemu\app\src\main\java\id\aziz\laportemu\DetailActivity.java. Using fallback presentation compiler.
2026.05.19 18:25:34 INFO  no build target found for C:\Users\Aziz\AndroidStudioProjects\LaporTemu\app\src\main\java\id\aziz\laportemu\DetailActivity.java. Using fallback presentation compiler.
2026.05.19 18:25:34 INFO  no build target found for C:\Users\Aziz\AndroidStudioProjects\LaporTemu\app\src\main\java\id\aziz\laportemu\DetailActivity.java. Using fallback presentation compiler.
2026.05.19 18:25:34 INFO  no build target found for C:\Users\Aziz\AndroidStudioProjects\LaporTemu\app\src\main\java\id\aziz\laportemu\DetailActivity.java. Using fallback presentation compiler.
2026.05.19 18:25:34 INFO  no build target found for C:\Users\Aziz\AndroidStudioProjects\LaporTemu\app\src\main\java\id\aziz\laportemu\DetailActivity.java. Using fallback presentation compiler.
2026.05.19 18:25:34 INFO  no build target found for C:\Users\Aziz\AndroidStudioProjects\LaporTemu\app\src\main\java\id\aziz\laportemu\DetailActivity.java. Using fallback presentation compiler.
2026.05.19 18:25:34 INFO  no build target found for C:\Users\Aziz\AndroidStudioProjects\LaporTemu\app\src\main\java\id\aziz\laportemu\DetailActivity.java. Using fallback presentation compiler.
2026.05.19 18:25:34 INFO  no build target found for C:\Users\Aziz\AndroidStudioProjects\LaporTemu\app\src\main\java\id\aziz\laportemu\DetailActivity.java. Using fallback presentation compiler.
2026.05.19 18:25:34 INFO  no build target found for C:\Users\Aziz\AndroidStudioProjects\LaporTemu\app\src\main\java\id\aziz\laportemu\DetailActivity.java. Using fallback presentation compiler.
2026.05.19 18:25:34 INFO  no build target found for C:\Users\Aziz\AndroidStudioProjects\LaporTemu\app\src\main\java\id\aziz\laportemu\DetailActivity.java. Using fallback presentation compiler.
2026.05.19 18:25:34 INFO  no build target found for C:\Users\Aziz\AndroidStudioProjects\LaporTemu\app\src\main\java\id\aziz\laportemu\DetailActivity.java. Using fallback presentation compiler.
2026.05.19 18:25:34 INFO  no build target found for C:\Users\Aziz\AndroidStudioProjects\LaporTemu\app\src\main\java\id\aziz\laportemu\DetailActivity.java. Using fallback presentation compiler.
2026.05.19 18:25:34 INFO  no build target found for C:\Users\Aziz\AndroidStudioProjects\LaporTemu\app\src\main\java\id\aziz\laportemu\DetailActivity.java. Using fallback presentation compiler.
2026.05.19 18:29:33 INFO  no build target found for C:\Users\Aziz\AndroidStudioProjects\LaporTemu\app\src\main\java\id\aziz\laportemu\DetailActivity.java. Using fallback presentation compiler.
2026.05.19 18:29:33 INFO  no build target found for C:\Users\Aziz\AndroidStudioProjects\LaporTemu\app\src\main\java\id\aziz\laportemu\DetailActivity.java. Using fallback presentation compiler.
2026.05.19 18:29:33 INFO  no build target found for C:\Users\Aziz\AndroidStudioProjects\LaporTemu\app\src\main\java\id\aziz\laportemu\DetailActivity.java. Using fallback presentation compiler.
May 19, 2026 6:29:34 PM org.eclipse.lsp4j.jsonrpc.RemoteEndpoint handleCancellation
WARNING: Unmatched cancel notification for request id 182
2026.05.19 18:29:33 INFO  no build target found for C:\Users\Aziz\AndroidStudioProjects\LaporTemu\app\src\main\java\id\aziz\laportemu\DetailActivity.java. Using fallback presentation compiler.
2026.05.19 18:29:59 INFO  Shutting down server
2026.05.19 18:29:59 INFO  Memory monitor stopped
2026.05.19 18:29:59 INFO  shutting down Metals
2026.05.19 18:29:59 INFO  Exiting server
2026.05.19 18:29:59 ERROR Unexpected error initializing server: 
org.eclipse.lsp4j.jsonrpc.ResponseErrorException: Request window/showMessageRequest failed with message: Canceled
	at org.eclipse.lsp4j.jsonrpc.RemoteEndpoint.handleResponse(RemoteEndpoint.java:214)
	at org.eclipse.lsp4j.jsonrpc.RemoteEndpoint.consume(RemoteEndpoint.java:198)
	at org.eclipse.lsp4j.jsonrpc.json.StreamMessageProducer.handleMessage(StreamMessageProducer.java:189)
	at org.eclipse.lsp4j.jsonrpc.json.StreamMessageProducer.listen(StreamMessageProducer.java:97)
	at org.eclipse.lsp4j.jsonrpc.json.ConcurrentMessageProcessor.run(ConcurrentMessageProcessor.java:97)
	at java.util.concurrent.Executors$RunnableAdapter.call(Executors.java:539)
	at java.util.concurrent.FutureTask.run(FutureTask.java:264)
	at java.util.concurrent.ThreadPoolExecutor.runWorker(ThreadPoolExecutor.java:1136)
	at java.util.concurrent.ThreadPoolExecutor$Worker.run(ThreadPoolExecutor.java:635)
	at java.lang.Thread.run(Thread.java:840)

2026.05.19 18:31:07 INFO  Started: Metals version 1.6.7 in folders 'C:\Users\Aziz\AndroidStudioProjects\LaporTemu' for client Antigravity 1.107.0.
2026.05.19 18:31:08 INFO  time: initialize in 0.13s
